<?xml version="1.0" encoding="UTF-8"?>
<testng-results skipped="0" failed="0" total="2" passed="2">
  <reporter-output>
  </reporter-output>
  <suite name="Default suite" duration-ms="4643" started-at="2019-06-17T19:20:09Z" finished-at="2019-06-17T19:20:14Z">
    <groups>
    </groups>
    <test name="Default test" duration-ms="4643" started-at="2019-06-17T19:20:09Z" finished-at="2019-06-17T19:20:14Z">
      <class name="testNG.getdata">
        <test-method status="PASS" signature="testResponsecode()" name="testResponsecode" duration-ms="3855" started-at="2019-06-17T19:20:09Z" finished-at="2019-06-17T19:20:13Z">
        </test-method>
        <test-method status="PASS" signature="tstbody()" name="tstbody" duration-ms="721" started-at="2019-06-17T19:20:13Z" finished-at="2019-06-17T19:20:14Z">
        </test-method>
      </class>
    </test>
  </suite>
</testng-results>
