<?xml version="1.0" encoding="UTF-8"?>
<!-- Generated by org.testng.reporters.JUnitXMLReporter -->
<testsuite hostname="LAPTOP-0UFO5ORC" name="Default test" tests="3" failures="0" timestamp="24 Apr 2020 22:15:37 GMT" time="63.859" errors="0">
  <testcase name="loginPageTitleTest" time="0.025" classname="com.crm.qa.testcases.LoginPageTest"/>
  <testcase name="crmLogoImageTest" time="0.456" classname="com.crm.qa.testcases.LoginPageTest"/>
  <testcase name="loginTest" time="1.261" classname="com.crm.qa.testcases.LoginPageTest"/>
</testsuite> <!-- Default test -->
