<?xml version="1.0" encoding="UTF-8"?>
<!-- Generated by org.testng.reporters.JUnitXMLReporter -->
<testsuite hostname="LAPTOP-0UFO5ORC" name="Free CRM App Test Cases" tests="10" failures="2" timestamp="26 Apr 2020 20:10:12 GMT" time="219.878" errors="0">
  <testcase name="loginPageTitleTest" time="0.454" classname="com.crm.qa.testcases.LoginPageTest"/>
  <testcase name="crmLogoImageTest" time="0.155" classname="com.crm.qa.testcases.LoginPageTest"/>
  <testcase name="loginTest" time="1.614" classname="com.crm.qa.testcases.LoginPageTest"/>
  <testcase name="verifyHomePageTitleTest" time="0.079" classname="com.crm.qa.testcases.HomePageTesst"/>
  <testcase name="verifyUserNameTest" time="5.443" classname="com.crm.qa.testcases.HomePageTesst"/>
  <testcase name="verifyMessengerLinkTest" time="4.229" classname="com.crm.qa.testcases.HomePageTesst"/>
  <testcase name="verifymarketplaceLinkTest" time="5.828" classname="com.crm.qa.testcases.HomePageTesst"/>
  <testcase name="verifywatchLinkTest" time="4.414" classname="com.crm.qa.testcases.HomePageTesst"/>
  <testcase name="clickonmarketplaceBtn" time="0.002" classname="com.crm.qa.testcases.marketplace">
    <failure type="java.lang.NullPointerException">
      <![CDATA[java.lang.NullPointerException
	at com.crm.qa.testcases.marketplace.clickonmarketplaceBtn(marketplace.java:37)
	at com.crm.qa.testcases.marketplace.clickonmarketplaceBtn(marketplace.java:37)
... Removed 24 stack frames]]>
    </failure>
  </testcase> <!-- clickonmarketplaceBtn -->
  <testcase name="verifyElectronicsLable" time="0.001" classname="com.crm.qa.testcases.marketplace">
    <failure type="java.lang.NullPointerException">
      <![CDATA[java.lang.NullPointerException
	at com.crm.qa.testcases.marketplace.verifyElectronicsLable(marketplace.java:42)
	at com.crm.qa.testcases.marketplace.verifyElectronicsLable(marketplace.java:42)
... Removed 24 stack frames]]>
    </failure>
  </testcase> <!-- verifyElectronicsLable -->
</testsuite> <!-- Free CRM App Test Cases -->
