<?xml version="1.0" encoding="UTF-8"?>
<!-- Generated by org.testng.reporters.JUnitXMLReporter -->
<testsuite hostname="LAPTOP-0UFO5ORC" ignored="0" name="TestA" tests="1" failures="0" timestamp="28 Feb 2019 02:30:34 GMT" time="0.272" errors="0">
  <testcase name="@BeforeTest beforeTest" time="0.233" classname="testNG.Alert">
    <failure type="java.lang.IllegalStateException" message="The driver executable does not exist: H:\New folder\driver\geckodriver.exe">
      <![CDATA[java.lang.IllegalStateException: The driver executable does not exist: H:\New folder\driver\geckodriver.exe
at com.google.common.base.Preconditions.checkState(Preconditions.java:585)
at org.openqa.selenium.remote.service.DriverService.checkExecutable(DriverService.java:146)
at org.openqa.selenium.remote.service.DriverService.findExecutable(DriverService.java:141)
at org.openqa.selenium.firefox.GeckoDriverService.access$100(GeckoDriverService.java:44)
at org.openqa.selenium.firefox.GeckoDriverService$Builder.findDefaultExecutable(GeckoDriverService.java:167)
at org.openqa.selenium.remote.service.DriverService$Builder.build(DriverService.java:355)
at org.openqa.selenium.firefox.FirefoxDriver.toExecutor(FirefoxDriver.java:190)
at org.openqa.selenium.firefox.FirefoxDriver.<init>(FirefoxDriver.java:147)
at org.openqa.selenium.firefox.FirefoxDriver.<init>(FirefoxDriver.java:125)
at testNG.Alert.beforeTest(Alert.java:50)
... Removed 24 stack frames]]>
    </failure>
  </testcase> <!-- @BeforeTest beforeTest -->
  <testcase name="@AfterTest afterTest" time="0.0" classname="testNG.Alert">
    <skipped/>
  </testcase> <!-- @AfterTest afterTest -->
  <testcase name="alert" time="0.0" classname="testNG.Alert">
    <skipped/>
  </testcase> <!-- alert -->
</testsuite> <!-- TestA -->
