<?xml version="1.0" encoding="UTF-8"?>
<testng-results skipped="0" failed="0" total="1" passed="1">
  <reporter-output>
  </reporter-output>
  <suite name="Default suite" duration-ms="4812" started-at="2020-03-22T20:42:15Z" finished-at="2020-03-22T20:42:20Z">
    <groups>
    </groups>
    <test name="Default test" duration-ms="4812" started-at="2020-03-22T20:42:15Z" finished-at="2020-03-22T20:42:20Z">
      <class name="TC001_GET_Request">
        <test-method status="PASS" signature="setup()[pri:0, instance:TC001_GET_Request@6ea6d14e]" name="setup" is-config="true" duration-ms="1096" started-at="2020-03-22T16:42:15Z" finished-at="2020-03-22T16:42:17Z">
          <reporter-output>
          </reporter-output>
        </test-method> <!-- setup -->
        <test-method status="PASS" signature="request1()[pri:0, instance:TC001_GET_Request@6ea6d14e]" name="request1" duration-ms="3551" started-at="2020-03-22T16:42:17Z" finished-at="2020-03-22T16:42:20Z">
          <reporter-output>
          </reporter-output>
        </test-method> <!-- request1 -->
      </class> <!-- TC001_GET_Request -->
    </test> <!-- Default test -->
  </suite> <!-- Default suite -->
</testng-results>
