<?xml version="1.0" encoding="UTF-8"?>
<testng-results skipped="0" failed="0" total="1" passed="1">
  <reporter-output>
  </reporter-output>
  <suite name="Default suite" duration-ms="33942" started-at="2020-04-02T18:20:53Z" finished-at="2020-04-02T18:21:27Z">
    <groups>
    </groups>
    <test name="Default test" duration-ms="33942" started-at="2020-04-02T18:20:53Z" finished-at="2020-04-02T18:21:27Z">
      <class name="ST_001.AjaxControl">
        <test-method status="PASS" signature="beforeTest()[pri:0, instance:ST_001.AjaxControl@7f63425a]" name="beforeTest" is-config="true" duration-ms="20535" started-at="2020-04-02T14:20:53Z" finished-at="2020-04-02T14:21:14Z">
          <reporter-output>
          </reporter-output>
        </test-method> <!-- beforeTest -->
        <test-method status="PASS" signature="f()[pri:0, instance:ST_001.AjaxControl@7f63425a]" name="f" duration-ms="5983" started-at="2020-04-02T14:21:14Z" finished-at="2020-04-02T14:21:20Z">
          <reporter-output>
          </reporter-output>
        </test-method> <!-- f -->
        <test-method status="PASS" signature="afterTest()[pri:0, instance:ST_001.AjaxControl@7f63425a]" name="afterTest" is-config="true" duration-ms="7380" started-at="2020-04-02T14:21:20Z" finished-at="2020-04-02T14:21:27Z">
          <reporter-output>
          </reporter-output>
        </test-method> <!-- afterTest -->
      </class> <!-- ST_001.AjaxControl -->
    </test> <!-- Default test -->
  </suite> <!-- Default suite -->
</testng-results>
