<?xml version="1.0" encoding="UTF-8"?>
<testng-results skipped="0" failed="0" total="1" passed="1">
  <reporter-output>
  </reporter-output>
  <suite name="Default suite" duration-ms="53710" started-at="2020-03-23T21:01:00Z" finished-at="2020-03-23T21:01:54Z">
    <groups>
    </groups>
    <test name="Default test" duration-ms="53710" started-at="2020-03-23T21:01:00Z" finished-at="2020-03-23T21:01:54Z">
      <class name="ST_001.tc_001">
        <test-method status="PASS" signature="beforeClass()[pri:0, instance:ST_001.tc_001@b684286]" name="beforeClass" is-config="true" duration-ms="39061" started-at="2020-03-23T17:01:00Z" finished-at="2020-03-23T17:01:39Z">
          <reporter-output>
          </reporter-output>
        </test-method> <!-- beforeClass -->
        <test-method status="PASS" signature="homepage()[pri:0, instance:ST_001.tc_001@b684286]" name="homepage" duration-ms="19" started-at="2020-03-23T17:01:39Z" finished-at="2020-03-23T17:01:39Z">
          <reporter-output>
          </reporter-output>
        </test-method> <!-- homepage -->
        <test-method status="PASS" signature="afterClass()[pri:0, instance:ST_001.tc_001@b684286]" name="afterClass" is-config="true" duration-ms="14610" started-at="2020-03-23T17:01:39Z" finished-at="2020-03-23T17:01:54Z">
          <reporter-output>
          </reporter-output>
        </test-method> <!-- afterClass -->
      </class> <!-- ST_001.tc_001 -->
    </test> <!-- Default test -->
  </suite> <!-- Default suite -->
</testng-results>
