<?xml version="1.0" encoding="UTF-8"?>
<testng-results skipped="0" failed="2" total="10" passed="8">
  <reporter-output>
  </reporter-output>
  <suite name="FREE CRM Application Test Automation Test Suite" duration-ms="219878" started-at="2020-04-26T20:06:32Z" finished-at="2020-04-26T20:10:12Z">
    <groups>
    </groups>
    <test name="Free CRM App Test Cases" duration-ms="219878" started-at="2020-04-26T20:06:32Z" finished-at="2020-04-26T20:10:12Z">
      <class name="com.crm.qa.testcases.HomePageTesst">
        <test-method status="PASS" signature="setUp()[pri:0, instance:com.crm.qa.testcases.HomePageTesst@49e4cb85]" name="setUp" is-config="true" duration-ms="16910" started-at="2020-04-26T16:07:36Z" finished-at="2020-04-26T16:07:53Z">
          <reporter-output>
          </reporter-output>
        </test-method> <!-- setUp -->
        <test-method status="PASS" signature="verifyHomePageTitleTest()[pri:0, instance:com.crm.qa.testcases.HomePageTesst@49e4cb85]" name="verifyHomePageTitleTest" duration-ms="79" started-at="2020-04-26T16:07:53Z" finished-at="2020-04-26T16:07:53Z">
          <reporter-output>
          </reporter-output>
        </test-method> <!-- verifyHomePageTitleTest -->
        <test-method status="PASS" signature="tearDown()[pri:0, instance:com.crm.qa.testcases.HomePageTesst@49e4cb85]" name="tearDown" is-config="true" duration-ms="964" started-at="2020-04-26T16:07:53Z" finished-at="2020-04-26T16:07:54Z">
          <reporter-output>
          </reporter-output>
        </test-method> <!-- tearDown -->
        <test-method status="PASS" signature="setUp()[pri:0, instance:com.crm.qa.testcases.HomePageTesst@49e4cb85]" name="setUp" is-config="true" duration-ms="15857" started-at="2020-04-26T16:07:54Z" finished-at="2020-04-26T16:08:10Z">
          <reporter-output>
          </reporter-output>
        </test-method> <!-- setUp -->
        <test-method status="PASS" signature="verifyUserNameTest()[pri:0, instance:com.crm.qa.testcases.HomePageTesst@49e4cb85]" name="verifyUserNameTest" duration-ms="5443" started-at="2020-04-26T16:08:10Z" finished-at="2020-04-26T16:08:15Z">
          <reporter-output>
          </reporter-output>
        </test-method> <!-- verifyUserNameTest -->
        <test-method status="PASS" signature="tearDown()[pri:0, instance:com.crm.qa.testcases.HomePageTesst@49e4cb85]" name="tearDown" is-config="true" duration-ms="1099" started-at="2020-04-26T16:08:15Z" finished-at="2020-04-26T16:08:16Z">
          <reporter-output>
          </reporter-output>
        </test-method> <!-- tearDown -->
        <test-method status="PASS" signature="setUp()[pri:0, instance:com.crm.qa.testcases.HomePageTesst@49e4cb85]" name="setUp" is-config="true" duration-ms="16594" started-at="2020-04-26T16:08:16Z" finished-at="2020-04-26T16:08:33Z">
          <reporter-output>
          </reporter-output>
        </test-method> <!-- setUp -->
        <test-method status="PASS" signature="verifyMessengerLinkTest()[pri:0, instance:com.crm.qa.testcases.HomePageTesst@49e4cb85]" name="verifyMessengerLinkTest" duration-ms="4229" started-at="2020-04-26T16:08:33Z" finished-at="2020-04-26T16:08:37Z">
          <reporter-output>
          </reporter-output>
        </test-method> <!-- verifyMessengerLinkTest -->
        <test-method status="PASS" signature="tearDown()[pri:0, instance:com.crm.qa.testcases.HomePageTesst@49e4cb85]" name="tearDown" is-config="true" duration-ms="1006" started-at="2020-04-26T16:08:37Z" finished-at="2020-04-26T16:08:38Z">
          <reporter-output>
          </reporter-output>
        </test-method> <!-- tearDown -->
        <test-method status="PASS" signature="setUp()[pri:0, instance:com.crm.qa.testcases.HomePageTesst@49e4cb85]" name="setUp" is-config="true" duration-ms="16070" started-at="2020-04-26T16:08:38Z" finished-at="2020-04-26T16:08:54Z">
          <reporter-output>
          </reporter-output>
        </test-method> <!-- setUp -->
        <test-method status="PASS" signature="verifymarketplaceLinkTest()[pri:0, instance:com.crm.qa.testcases.HomePageTesst@49e4cb85]" name="verifymarketplaceLinkTest" duration-ms="5828" started-at="2020-04-26T16:08:54Z" finished-at="2020-04-26T16:09:00Z">
          <reporter-output>
          </reporter-output>
        </test-method> <!-- verifymarketplaceLinkTest -->
        <test-method status="PASS" signature="tearDown()[pri:0, instance:com.crm.qa.testcases.HomePageTesst@49e4cb85]" name="tearDown" is-config="true" duration-ms="1209" started-at="2020-04-26T16:09:00Z" finished-at="2020-04-26T16:09:01Z">
          <reporter-output>
          </reporter-output>
        </test-method> <!-- tearDown -->
        <test-method status="PASS" signature="setUp()[pri:0, instance:com.crm.qa.testcases.HomePageTesst@49e4cb85]" name="setUp" is-config="true" duration-ms="15976" started-at="2020-04-26T16:09:01Z" finished-at="2020-04-26T16:09:17Z">
          <reporter-output>
          </reporter-output>
        </test-method> <!-- setUp -->
        <test-method status="PASS" signature="verifywatchLinkTest()[pri:0, instance:com.crm.qa.testcases.HomePageTesst@49e4cb85]" name="verifywatchLinkTest" duration-ms="4414" started-at="2020-04-26T16:09:17Z" finished-at="2020-04-26T16:09:21Z">
          <reporter-output>
          </reporter-output>
        </test-method> <!-- verifywatchLinkTest -->
        <test-method status="PASS" signature="tearDown()[pri:0, instance:com.crm.qa.testcases.HomePageTesst@49e4cb85]" name="tearDown" is-config="true" duration-ms="1481" started-at="2020-04-26T16:09:21Z" finished-at="2020-04-26T16:09:23Z">
          <reporter-output>
          </reporter-output>
        </test-method> <!-- tearDown -->
      </class> <!-- com.crm.qa.testcases.HomePageTesst -->
      <class name="com.crm.qa.testcases.marketplace">
        <test-method status="PASS" signature="setUp()[pri:0, instance:com.crm.qa.testcases.marketplace@2133c8f8]" name="setUp" is-config="true" duration-ms="22641" started-at="2020-04-26T16:09:23Z" finished-at="2020-04-26T16:09:46Z">
          <reporter-output>
          </reporter-output>
        </test-method> <!-- setUp -->
        <test-method status="FAIL" signature="clickonmarketplaceBtn()[pri:0, instance:com.crm.qa.testcases.marketplace@2133c8f8]" name="clickonmarketplaceBtn" duration-ms="2" started-at="2020-04-26T16:09:46Z" finished-at="2020-04-26T16:09:46Z">
          <exception class="java.lang.NullPointerException">
            <full-stacktrace>
              <![CDATA[java.lang.NullPointerException
	at com.crm.qa.testcases.marketplace.clickonmarketplaceBtn(marketplace.java:37)
	at com.crm.qa.testcases.marketplace.clickonmarketplaceBtn(marketplace.java:37)
	at sun.reflect.NativeMethodAccessorImpl.invoke0(Native Method)
	at sun.reflect.NativeMethodAccessorImpl.invoke(NativeMethodAccessorImpl.java:62)
	at sun.reflect.DelegatingMethodAccessorImpl.invoke(DelegatingMethodAccessorImpl.java:43)
	at java.lang.reflect.Method.invoke(Method.java:498)
	at org.testng.internal.MethodInvocationHelper.invokeMethod(MethodInvocationHelper.java:85)
	at org.testng.internal.Invoker.invokeMethod(Invoker.java:663)
	at org.testng.internal.Invoker.invokeTestMethod(Invoker.java:849)
	at org.testng.internal.Invoker.invokeTestMethods(Invoker.java:1157)
	at org.testng.internal.TestMethodWorker.invokeTestMethods(TestMethodWorker.java:124)
	at org.testng.internal.TestMethodWorker.run(TestMethodWorker.java:108)
	at org.testng.TestRunner.privateRun(TestRunner.java:771)
	at org.testng.TestRunner.run(TestRunner.java:621)
	at org.testng.SuiteRunner.runTest(SuiteRunner.java:357)
	at org.testng.SuiteRunner.runSequentially(SuiteRunner.java:352)
	at org.testng.SuiteRunner.privateRun(SuiteRunner.java:310)
	at org.testng.SuiteRunner.run(SuiteRunner.java:259)
	at org.testng.SuiteRunnerWorker.runSuite(SuiteRunnerWorker.java:52)
	at org.testng.SuiteRunnerWorker.run(SuiteRunnerWorker.java:86)
	at org.testng.TestNG.runSuitesSequentially(TestNG.java:1200)
	at org.testng.TestNG.runSuitesLocally(TestNG.java:1125)
	at org.testng.TestNG.run(TestNG.java:1033)
	at org.testng.remote.RemoteTestNG.run(RemoteTestNG.java:111)
	at org.testng.remote.RemoteTestNG.initAndRun(RemoteTestNG.java:204)
	at org.testng.remote.RemoteTestNG.main(RemoteTestNG.java:175)
]]>
            </full-stacktrace>
          </exception> <!-- java.lang.NullPointerException -->
          <reporter-output>
          </reporter-output>
        </test-method> <!-- clickonmarketplaceBtn -->
        <test-method status="PASS" signature="tearDown()[pri:0, instance:com.crm.qa.testcases.marketplace@2133c8f8]" name="tearDown" is-config="true" duration-ms="1215" started-at="2020-04-26T16:09:46Z" finished-at="2020-04-26T16:09:48Z">
          <reporter-output>
          </reporter-output>
        </test-method> <!-- tearDown -->
        <test-method status="PASS" signature="setUp()[pri:0, instance:com.crm.qa.testcases.marketplace@2133c8f8]" name="setUp" is-config="true" duration-ms="23310" started-at="2020-04-26T16:09:48Z" finished-at="2020-04-26T16:10:11Z">
          <reporter-output>
          </reporter-output>
        </test-method> <!-- setUp -->
        <test-method status="FAIL" signature="verifyElectronicsLable()[pri:0, instance:com.crm.qa.testcases.marketplace@2133c8f8]" name="verifyElectronicsLable" duration-ms="1" started-at="2020-04-26T16:10:11Z" finished-at="2020-04-26T16:10:11Z">
          <exception class="java.lang.NullPointerException">
            <full-stacktrace>
              <![CDATA[java.lang.NullPointerException
	at com.crm.qa.testcases.marketplace.verifyElectronicsLable(marketplace.java:42)
	at com.crm.qa.testcases.marketplace.verifyElectronicsLable(marketplace.java:42)
	at sun.reflect.NativeMethodAccessorImpl.invoke0(Native Method)
	at sun.reflect.NativeMethodAccessorImpl.invoke(NativeMethodAccessorImpl.java:62)
	at sun.reflect.DelegatingMethodAccessorImpl.invoke(DelegatingMethodAccessorImpl.java:43)
	at java.lang.reflect.Method.invoke(Method.java:498)
	at org.testng.internal.MethodInvocationHelper.invokeMethod(MethodInvocationHelper.java:85)
	at org.testng.internal.Invoker.invokeMethod(Invoker.java:663)
	at org.testng.internal.Invoker.invokeTestMethod(Invoker.java:849)
	at org.testng.internal.Invoker.invokeTestMethods(Invoker.java:1157)
	at org.testng.internal.TestMethodWorker.invokeTestMethods(TestMethodWorker.java:124)
	at org.testng.internal.TestMethodWorker.run(TestMethodWorker.java:108)
	at org.testng.TestRunner.privateRun(TestRunner.java:771)
	at org.testng.TestRunner.run(TestRunner.java:621)
	at org.testng.SuiteRunner.runTest(SuiteRunner.java:357)
	at org.testng.SuiteRunner.runSequentially(SuiteRunner.java:352)
	at org.testng.SuiteRunner.privateRun(SuiteRunner.java:310)
	at org.testng.SuiteRunner.run(SuiteRunner.java:259)
	at org.testng.SuiteRunnerWorker.runSuite(SuiteRunnerWorker.java:52)
	at org.testng.SuiteRunnerWorker.run(SuiteRunnerWorker.java:86)
	at org.testng.TestNG.runSuitesSequentially(TestNG.java:1200)
	at org.testng.TestNG.runSuitesLocally(TestNG.java:1125)
	at org.testng.TestNG.run(TestNG.java:1033)
	at org.testng.remote.RemoteTestNG.run(RemoteTestNG.java:111)
	at org.testng.remote.RemoteTestNG.initAndRun(RemoteTestNG.java:204)
	at org.testng.remote.RemoteTestNG.main(RemoteTestNG.java:175)
]]>
            </full-stacktrace>
          </exception> <!-- java.lang.NullPointerException -->
          <reporter-output>
          </reporter-output>
        </test-method> <!-- verifyElectronicsLable -->
        <test-method status="PASS" signature="tearDown()[pri:0, instance:com.crm.qa.testcases.marketplace@2133c8f8]" name="tearDown" is-config="true" duration-ms="1146" started-at="2020-04-26T16:10:11Z" finished-at="2020-04-26T16:10:12Z">
          <reporter-output>
          </reporter-output>
        </test-method> <!-- tearDown -->
      </class> <!-- com.crm.qa.testcases.marketplace -->
      <class name="com.crm.qa.testcases.LoginPageTest">
        <test-method status="PASS" signature="setUp()[pri:0, instance:com.crm.qa.testcases.LoginPageTest@129a8472]" name="setUp" is-config="true" duration-ms="26144" started-at="2020-04-26T16:06:33Z" finished-at="2020-04-26T16:06:59Z">
          <reporter-output>
          </reporter-output>
        </test-method> <!-- setUp -->
        <test-method status="PASS" signature="loginPageTitleTest()[pri:0, instance:com.crm.qa.testcases.LoginPageTest@129a8472]" name="loginPageTitleTest" duration-ms="454" started-at="2020-04-26T16:06:59Z" finished-at="2020-04-26T16:06:59Z">
          <reporter-output>
          </reporter-output>
        </test-method> <!-- loginPageTitleTest -->
        <test-method status="PASS" signature="tearDown()[pri:0, instance:com.crm.qa.testcases.LoginPageTest@129a8472]" name="tearDown" is-config="true" duration-ms="1927" started-at="2020-04-26T16:06:59Z" finished-at="2020-04-26T16:07:01Z">
          <reporter-output>
          </reporter-output>
        </test-method> <!-- tearDown -->
        <test-method status="PASS" signature="setUp()[pri:0, instance:com.crm.qa.testcases.LoginPageTest@129a8472]" name="setUp" is-config="true" duration-ms="15465" started-at="2020-04-26T16:07:01Z" finished-at="2020-04-26T16:07:17Z">
          <reporter-output>
          </reporter-output>
        </test-method> <!-- setUp -->
        <test-method status="PASS" signature="crmLogoImageTest()[pri:0, instance:com.crm.qa.testcases.LoginPageTest@129a8472]" name="crmLogoImageTest" duration-ms="155" started-at="2020-04-26T16:07:17Z" finished-at="2020-04-26T16:07:17Z">
          <reporter-output>
          </reporter-output>
        </test-method> <!-- crmLogoImageTest -->
        <test-method status="PASS" signature="tearDown()[pri:0, instance:com.crm.qa.testcases.LoginPageTest@129a8472]" name="tearDown" is-config="true" duration-ms="939" started-at="2020-04-26T16:07:17Z" finished-at="2020-04-26T16:07:18Z">
          <reporter-output>
          </reporter-output>
        </test-method> <!-- tearDown -->
        <test-method status="PASS" signature="setUp()[pri:0, instance:com.crm.qa.testcases.LoginPageTest@129a8472]" name="setUp" is-config="true" duration-ms="15123" started-at="2020-04-26T16:07:18Z" finished-at="2020-04-26T16:07:33Z">
          <reporter-output>
          </reporter-output>
        </test-method> <!-- setUp -->
        <test-method status="PASS" signature="loginTest()[pri:0, instance:com.crm.qa.testcases.LoginPageTest@129a8472]" name="loginTest" duration-ms="1614" started-at="2020-04-26T16:07:33Z" finished-at="2020-04-26T16:07:34Z">
          <reporter-output>
          </reporter-output>
        </test-method> <!-- loginTest -->
        <test-method status="PASS" signature="tearDown()[pri:0, instance:com.crm.qa.testcases.LoginPageTest@129a8472]" name="tearDown" is-config="true" duration-ms="1340" started-at="2020-04-26T16:07:34Z" finished-at="2020-04-26T16:07:36Z">
          <reporter-output>
          </reporter-output>
        </test-method> <!-- tearDown -->
      </class> <!-- com.crm.qa.testcases.LoginPageTest -->
    </test> <!-- Free CRM App Test Cases -->
  </suite> <!-- FREE CRM Application Test Automation Test Suite -->
</testng-results>
