<?xml version="1.0" encoding="UTF-8"?>
<testng-results skipped="0" failed="0" total="1" passed="1">
  <reporter-output>
  </reporter-output>
  <suite name="Default suite" duration-ms="28430" started-at="2020-04-10T19:35:14Z" finished-at="2020-04-10T19:35:43Z">
    <groups>
    </groups>
    <test name="Default test" duration-ms="28430" started-at="2020-04-10T19:35:14Z" finished-at="2020-04-10T19:35:43Z">
      <class name="slider.Slider">
        <test-method status="PASS" signature="beforeMethod()[pri:0, instance:slider.Slider@511baa65]" name="beforeMethod" is-config="true" duration-ms="14727" started-at="2020-04-10T15:35:14Z" finished-at="2020-04-10T15:35:29Z">
          <reporter-output>
          </reporter-output>
        </test-method> <!-- beforeMethod -->
        <test-method status="PASS" signature="slider()[pri:0, instance:slider.Slider@511baa65]" name="slider" duration-ms="6296" started-at="2020-04-10T15:35:29Z" finished-at="2020-04-10T15:35:35Z">
          <reporter-output>
          </reporter-output>
        </test-method> <!-- slider -->
        <test-method status="PASS" signature="afterMethod()[pri:0, instance:slider.Slider@511baa65]" name="afterMethod" is-config="true" duration-ms="7392" started-at="2020-04-10T15:35:35Z" finished-at="2020-04-10T15:35:43Z">
          <reporter-output>
          </reporter-output>
        </test-method> <!-- afterMethod -->
      </class> <!-- slider.Slider -->
    </test> <!-- Default test -->
  </suite> <!-- Default suite -->
</testng-results>
